Build started 12/22/2017 11:05:39 PM.
     1>Project "C:\Users\User\Desktop\QuickNote\QuickNote\QuickNote.vcxproj" on node 2 (Build target(s)).
     1>ClCompile:
         C:\Program Files (x86)\Microsoft Visual Studio 12.0\VC\bin\CL.exe /c /ZI /nologo /W3 /WX- /sdl /Od /Oy- /D WIN32 /D _DEBUG /D _WINDOWS /D _UNICODE /D UNICODE /D _CRT_SECURE_NO_WARNINGS /Gm /EHsc /RTC1 /MDd /GS /fp:precise /Zc:wchar_t /Zc:forScope /Yu"stdafx.h" /Fp"Debug\QuickNote.pch" /Fo"Debug\\" /Fd"Debug\vc120.pdb" /Gd /TP /analyze- /errorReport:prompt QuickNote.cpp
         QuickNote.cpp
     1>c:\users\user\desktop\quicknote\quicknote\quicknote.h(383): warning C4018: '<' : signed/unsigned mismatch
     1>c:\users\user\desktop\quicknote\quicknote\quicknote.h(452): warning C4244: 'argument' : conversion from 'double' to 'Gdiplus::REAL', possible loss of data
     1>c:\users\user\desktop\quicknote\quicknote\quicknote.h(476): warning C4244: 'argument' : conversion from 'double' to 'Gdiplus::REAL', possible loss of data
     1>c:\users\user\desktop\quicknote\quicknote\quicknote.cpp(251): warning C4018: '<' : signed/unsigned mismatch
     1>c:\users\user\desktop\quicknote\quicknote\quicknote.cpp(336): warning C4018: '<' : signed/unsigned mismatch
       Link:
         C:\Program Files (x86)\Microsoft Visual Studio 12.0\VC\bin\link.exe /ERRORREPORT:PROMPT /OUT:"C:\Users\User\Desktop\QuickNote\Debug\QuickNote.exe" /INCREMENTAL /NOLOGO kernel32.lib user32.lib gdi32.lib winspool.lib comdlg32.lib advapi32.lib shell32.lib ole32.lib oleaut32.lib uuid.lib odbc32.lib odbccp32.lib /MANIFEST /MANIFESTUAC:"level='asInvoker' uiAccess='false'" /manifest:embed /DEBUG /PDB:"C:\Users\User\Desktop\QuickNote\Debug\QuickNote.pdb" /SUBSYSTEM:WINDOWS /TLBID:1 /DYNAMICBASE /NXCOMPAT /IMPLIB:"C:\Users\User\Desktop\QuickNote\Debug\QuickNote.lib" /MACHINE:X86 Debug\QuickNote.res
         Debug\Note.obj
         Debug\QuickNote.obj
         Debug\stdafx.obj
         Debug\Tag.obj
         QuickNote.vcxproj -> C:\Users\User\Desktop\QuickNote\Debug\QuickNote.exe
     1>Done Building Project "C:\Users\User\Desktop\QuickNote\QuickNote\QuickNote.vcxproj" (Build target(s)).

Build succeeded.

Time Elapsed 00:00:01.96
